0 info it worked if it ends with ok
1 verbose cli [ '/usr/bin/node', '/usr/bin/npm', 'run', 'build' ]
2 info using npm@3.6.0
3 info using node@v5.7.1
4 verbose run-script [ 'prebuild', 'build', 'postbuild' ]
5 info lifecycle kerrongordon.github.io@1.0.0~prebuild: kerrongordon.github.io@1.0.0
6 silly lifecycle kerrongordon.github.io@1.0.0~prebuild: no script for prebuild, continuing
7 info lifecycle kerrongordon.github.io@1.0.0~build: kerrongordon.github.io@1.0.0
8 verbose lifecycle kerrongordon.github.io@1.0.0~build: unsafe-perm in lifecycle true
9 verbose lifecycle kerrongordon.github.io@1.0.0~build: PATH: /usr/lib/node_modules/npm/bin/node-gyp-bin:/home/kgordon/Documents/Github/kerrongordon.github.io/node_modules/.bin:/usr/lib/node_modules/npm/bin/node-gyp-bin:/home/kgordon/Documents/Github/kerrongordon.github.io/node_modules/.bin:/home/kgordon/.gem/bin:/home/kgordon/.npm/bin:/home/kgordon/.gem/bin:/home/kgordon/.npm/bin:/usr/local/bin:/usr/local/sbin:/usr/bin:/usr/sbin
10 verbose lifecycle kerrongordon.github.io@1.0.0~build: CWD: /home/kgordon/Documents/Github/kerrongordon.github.io
11 silly lifecycle kerrongordon.github.io@1.0.0~build: Args: [ '-c', 'jekyll serve -w' ]
12 silly lifecycle kerrongordon.github.io@1.0.0~build: Returned: code: 1  signal: null
13 info lifecycle kerrongordon.github.io@1.0.0~build: Failed to exec build script
14 verbose stack Error: kerrongordon.github.io@1.0.0 build: `jekyll serve -w`
14 verbose stack Exit status 1
14 verbose stack     at EventEmitter.<anonymous> (/usr/lib/node_modules/npm/lib/utils/lifecycle.js:232:16)
14 verbose stack     at emitTwo (events.js:100:13)
14 verbose stack     at EventEmitter.emit (events.js:185:7)
14 verbose stack     at ChildProcess.<anonymous> (/usr/lib/node_modules/npm/lib/utils/spawn.js:24:14)
14 verbose stack     at emitTwo (events.js:100:13)
14 verbose stack     at ChildProcess.emit (events.js:185:7)
14 verbose stack     at maybeClose (internal/child_process.js:827:16)
14 verbose stack     at Process.ChildProcess._handle.onexit (internal/child_process.js:211:5)
15 verbose pkgid kerrongordon.github.io@1.0.0
16 verbose cwd /home/kgordon/Documents/Github/kerrongordon.github.io
17 error Linux 4.4.3-300.fc23.x86_64
18 error argv "/usr/bin/node" "/usr/bin/npm" "run" "build"
19 error node v5.7.1
20 error npm  v3.6.0
21 error code ELIFECYCLE
22 error kerrongordon.github.io@1.0.0 build: `jekyll serve -w`
22 error Exit status 1
23 error Failed at the kerrongordon.github.io@1.0.0 build script 'jekyll serve -w'.
23 error Make sure you have the latest version of node.js and npm installed.
23 error If you do, this is most likely a problem with the kerrongordon.github.io package,
23 error not with npm itself.
23 error Tell the author that this fails on your system:
23 error     jekyll serve -w
23 error You can get information on how to open an issue for this project with:
23 error     npm bugs kerrongordon.github.io
23 error Or if that isn't available, you can get their info via:
23 error     npm owner ls kerrongordon.github.io
23 error There is likely additional logging output above.
24 verbose exit [ 1, true ]
